[35m[1mConsolidate compiler generated dependencies of target serial_sender[0m
[ 50%] Built target serial_receiver
[ 75%] [32mBuilding CXX object CMakeFiles/serial_sender.dir/src/serial_sender.cpp.o[0m
[01m[K/home/rescue-robot/buaa_rescue_robot/src/serial/src/serial_sender.cpp:34:6:[m[K [01;31m[Kerror: [m[Kexpected ‘[01m[K;[m[K’ after class definition
   34 |     }
      |      [01;31m[K^[m[K
      |      [32m[K;[m[K
[01m[K/home/rescue-robot/buaa_rescue_robot/src/serial/src/serial_sender.cpp:[m[K In constructor ‘[01m[KSerialSender::SerialSender()[m[K’:
[01m[K/home/rescue-robot/buaa_rescue_robot/src/serial/src/serial_sender.cpp:15:13:[m[K [01;31m[Kerror: [m[K‘[01m[Kserial_port_[m[K’ was not declared in this scope
   15 |             [01;31m[Kserial_port_[m[K = std::make_shared<asio::serial_port>(io_, "/dev/ttyUSB0");  // 这里的路径需要根据您的设备进行更改
      |             [01;31m[K^~~~~~~~~~~~[m[K
[01m[K/home/rescue-robot/buaa_rescue_robot/src/serial/src/serial_sender.cpp:15:64:[m[K [01;31m[Kerror: [m[K‘[01m[Kio_[m[K’ was not declared in this scope
   15 |             serial_port_ = std::make_shared<asio::serial_port>([01;31m[Kio_[m[K, "/dev/ttyUSB0");  // 这里的路径需要根据您的设备进行更改
      |                                                                [01;31m[K^~~[m[K
[01m[K/home/rescue-robot/buaa_rescue_robot/src/serial/src/serial_sender.cpp:24:9:[m[K [01;31m[Kerror: [m[K‘[01m[Ktimer_[m[K’ was not declared in this scope; did you mean ‘[01m[Ktimer_t[m[K’?
   24 |         [01;31m[Ktimer_[m[K = this->create_wall_timer(
      |         [01;31m[K^~~~~~[m[K
      |         [32m[Ktimer_t[m[K
[01m[K/home/rescue-robot/buaa_rescue_robot/src/serial/src/serial_sender.cpp:26:38:[m[K [01;31m[Kerror: [m[K‘[01m[Ktimer_callback[m[K’ is not a member of ‘[01m[KSerialSender[m[K’
   26 |             std::bind(&SerialSender::[01;31m[Ktimer_callback[m[K, this));
      |                                      [01;31m[K^~~~~~~~~~~~~~[m[K
[01m[K/home/rescue-robot/buaa_rescue_robot/src/serial/src/serial_sender.cpp:29:9:[m[K [01;31m[Kerror: [m[K‘[01m[Ksubscription_[m[K’ was not declared in this scope; did you mean ‘[01m[Krmw_subscription_t[m[K’?
   29 |         [01;31m[Ksubscription_[m[K = this->create_subscription<std_msgs::msg::String>(
      |         [01;31m[K^~~~~~~~~~~~~[m[K
      |         [32m[Krmw_subscription_t[m[K
[01m[K/home/rescue-robot/buaa_rescue_robot/src/serial/src/serial_sender.cpp:32:38:[m[K [01;31m[Kerror: [m[K‘[01m[Kcallback[m[K’ is not a member of ‘[01m[KSerialSender[m[K’
   32 |             std::bind(&SerialSender::[01;31m[Kcallback[m[K, this, std::placeholders::_1));
      |                                      [01;31m[K^~~~~~~~[m[K
[01m[K/home/rescue-robot/buaa_rescue_robot/src/serial/src/serial_sender.cpp:[m[K At global scope:
[01m[K/home/rescue-robot/buaa_rescue_robot/src/serial/src/serial_sender.cpp:36:1:[m[K [01;31m[Kerror: [m[Kexpected unqualified-id before ‘[01m[Kprivate[m[K’
   36 | [01;31m[Kprivate[m[K:
      | [01;31m[K^~~~~~~[m[K
[01m[K/home/rescue-robot/buaa_rescue_robot/src/serial/src/serial_sender.cpp:[m[K In function ‘[01m[Kvoid timer_callback()[m[K’:
[01m[K/home/rescue-robot/buaa_rescue_robot/src/serial/src/serial_sender.cpp:46:22:[m[K [01;31m[Kerror: [m[K‘[01m[Kserial_port_[m[K’ was not declared in this scope
   46 |         asio::write(*[01;31m[Kserial_port_[m[K, asio::buffer(msg, msg.size()));  // 发送消息
      |                      [01;31m[K^~~~~~~~~~~~[m[K
In file included from [01m[K/opt/ros/humble/include/rclcpp/rclcpp/client.hpp:40[m[K,
                 from [01m[K/opt/ros/humble/include/rclcpp/rclcpp/callback_group.hpp:24[m[K,
                 from [01m[K/opt/ros/humble/include/rclcpp/rclcpp/any_executable.hpp:20[m[K,
                 from [01m[K/opt/ros/humble/include/rclcpp/rclcpp/memory_strategy.hpp:25[m[K,
                 from [01m[K/opt/ros/humble/include/rclcpp/rclcpp/memory_strategies.hpp:18[m[K,
                 from [01m[K/opt/ros/humble/include/rclcpp/rclcpp/executor_options.hpp:20[m[K,
                 from [01m[K/opt/ros/humble/include/rclcpp/rclcpp/executor.hpp:37[m[K,
                 from [01m[K/opt/ros/humble/include/rclcpp/rclcpp/executors/multi_threaded_executor.hpp:25[m[K,
                 from [01m[K/opt/ros/humble/include/rclcpp/rclcpp/executors.hpp:21[m[K,
                 from [01m[K/opt/ros/humble/include/rclcpp/rclcpp/rclcpp.hpp:155[m[K,
                 from [01m[K/home/rescue-robot/buaa_rescue_robot/src/serial/src/serial_sender.cpp:1[m[K:
[01m[K/home/rescue-robot/buaa_rescue_robot/src/serial/src/serial_sender.cpp:47:21:[m[K [01;31m[Kerror: [m[Kinvalid use of ‘[01m[Kthis[m[K’ in non-member function
   47 |         RCLCPP_INFO([01;31m[Kthis[m[K->get_logger(), "Sent message: '%s'", msg.c_str());
      |                     [01;31m[K^~~~[m[K
[01m[K/home/rescue-robot/buaa_rescue_robot/src/serial/src/serial_sender.cpp:47:21:[m[K [01;31m[Kerror: [m[Kinvalid use of ‘[01m[Kthis[m[K’ in non-member function
[01m[K/home/rescue-robot/buaa_rescue_robot/src/serial/src/serial_sender.cpp:47:9:[m[K [01;31m[Kerror: [m[Ktemplate argument 1 is invalid
   47 |         [01;31m[KRCLCPP_INFO[m[K(this->get_logger(), "Sent message: '%s'", msg.c_str());
      |         [01;31m[K^~~~~~~~~~~[m[K
[01m[K/home/rescue-robot/buaa_rescue_robot/src/serial/src/serial_sender.cpp:47:9:[m[K [01;31m[Kerror: [m[K‘[01m[K<declaration error>[m[K’ is not a template [[01;31m[K]8;;https://gcc.gnu.org/onlinedocs/gcc/Warning-Options.html#index-fpermissive-fpermissive]8;;[m[K]
   47 |         [01;31m[KRCLCPP_INFO[m[K(this->get_logger(), "Sent message: '%s'", msg.c_str());
      |         [01;31m[K^~~~~~~~~~~[m[K
[01m[K/home/rescue-robot/buaa_rescue_robot/src/serial/src/serial_sender.cpp:47:9:[m[K [01;31m[Kerror: [m[Ktemplate argument 1 is invalid
   47 |         [01;31m[KRCLCPP_INFO[m[K(this->get_logger(), "Sent message: '%s'", msg.c_str());
      |         [01;31m[K^~~~~~~~~~~[m[K
[01m[K/home/rescue-robot/buaa_rescue_robot/src/serial/src/serial_sender.cpp:47:9:[m[K [01;31m[Kerror: [m[K‘[01m[K<declaration error>[m[K’ is not a template [[01;31m[K]8;;https://gcc.gnu.org/onlinedocs/gcc/Warning-Options.html#index-fpermissive-fpermissive]8;;[m[K]
   47 |         [01;31m[KRCLCPP_INFO[m[K(this->get_logger(), "Sent message: '%s'", msg.c_str());
      |         [01;31m[K^~~~~~~~~~~[m[K
[01m[K/home/rescue-robot/buaa_rescue_robot/src/serial/src/serial_sender.cpp:47:9:[m[K [01;31m[Kerror: [m[Ktemplate argument 1 is invalid
   47 |         [01;31m[KRCLCPP_INFO[m[K(this->get_logger(), "Sent message: '%s'", msg.c_str());
      |         [01;31m[K^~~~~~~~~~~[m[K
In file included from [01m[K/opt/ros/humble/include/rclcpp/rclcpp/logging.hpp:24[m[K,
                 from [01m[K/opt/ros/humble/include/rclcpp/rclcpp/client.hpp:40[m[K,
                 from [01m[K/opt/ros/humble/include/rclcpp/rclcpp/callback_group.hpp:24[m[K,
                 from [01m[K/opt/ros/humble/include/rclcpp/rclcpp/any_executable.hpp:20[m[K,
                 from [01m[K/opt/ros/humble/include/rclcpp/rclcpp/memory_strategy.hpp:25[m[K,
                 from [01m[K/opt/ros/humble/include/rclcpp/rclcpp/memory_strategies.hpp:18[m[K,
                 from [01m[K/opt/ros/humble/include/rclcpp/rclcpp/executor_options.hpp:20[m[K,
                 from [01m[K/opt/ros/humble/include/rclcpp/rclcpp/executor.hpp:37[m[K,
                 from [01m[K/opt/ros/humble/include/rclcpp/rclcpp/executors/multi_threaded_executor.hpp:25[m[K,
                 from [01m[K/opt/ros/humble/include/rclcpp/rclcpp/executors.hpp:21[m[K,
                 from [01m[K/opt/ros/humble/include/rclcpp/rclcpp/rclcpp.hpp:155[m[K,
                 from [01m[K/home/rescue-robot/buaa_rescue_robot/src/serial/src/serial_sender.cpp:1[m[K:
[01m[K/home/rescue-robot/buaa_rescue_robot/src/serial/src/serial_sender.cpp:47:21:[m[K [01;31m[Kerror: [m[Kinvalid use of ‘[01m[Kthis[m[K’ in non-member function
   47 |         RCLCPP_INFO([01;31m[Kthis[m[K->get_logger(), "Sent message: '%s'", msg.c_str());
      |                     [01;31m[K^~~~[m[K
[01m[K/home/rescue-robot/buaa_rescue_robot/src/serial/src/serial_sender.cpp:47:21:[m[K [01;31m[Kerror: [m[Kinvalid use of ‘[01m[Kthis[m[K’ in non-member function
   47 |         RCLCPP_INFO([01;31m[Kthis[m[K->get_logger(), "Sent message: '%s'", msg.c_str());
      |                     [01;31m[K^~~~[m[K
[01m[K/home/rescue-robot/buaa_rescue_robot/src/serial/src/serial_sender.cpp:[m[K At global scope:
[01m[K/home/rescue-robot/buaa_rescue_robot/src/serial/src/serial_sender.cpp:55:1:[m[K [01;31m[Kerror: [m[Kexpected declaration before ‘[01m[K}[m[K’ token
   55 | [01;31m[K}[m[K;
      | [01;31m[K^[m[K
gmake[2]: *** [CMakeFiles/serial_sender.dir/build.make:76: CMakeFiles/serial_sender.dir/src/serial_sender.cpp.o] Error 1
gmake[1]: *** [CMakeFiles/Makefile2:139: CMakeFiles/serial_sender.dir/all] Error 2
gmake: *** [Makefile:146: all] Error 2
