[0.021s] Invoking command in '/home/rescue-robot/buaa_rescue_robot/build/serial': CMAKE_PREFIX_PATH=${CMAKE_PREFIX_PATH}:/opt/ros/humble /usr/bin/cmake --build /home/rescue-robot/buaa_rescue_robot/build/serial -- -j8 -l8
[0.068s] [35m[1mConsolidate compiler generated dependencies of target serial_sender[0m
[0.085s] [ 50%] Built target serial_receiver
[0.097s] [ 75%] [32mBuilding CXX object CMakeFiles/serial_sender.dir/src/serial_sender.cpp.o[0m
[2.545s] [01m[K/home/rescue-robot/buaa_rescue_robot/src/serial/src/serial_sender.cpp:34:6:[m[K [01;31m[Kerror: [m[Kexpected â€˜[01m[K;[m[Kâ€™ after class definition
[2.545s]    34 |     }
[2.545s]       |      [01;31m[K^[m[K
[2.545s]       |      [32m[K;[m[K
[2.554s] [01m[K/home/rescue-robot/buaa_rescue_robot/src/serial/src/serial_sender.cpp:[m[K In constructor â€˜[01m[KSerialSender::SerialSender()[m[Kâ€™:
[2.555s] [01m[K/home/rescue-robot/buaa_rescue_robot/src/serial/src/serial_sender.cpp:15:13:[m[K [01;31m[Kerror: [m[Kâ€˜[01m[Kserial_port_[m[Kâ€™ was not declared in this scope
[2.555s]    15 |             [01;31m[Kserial_port_[m[K = std::make_shared<asio::serial_port>(io_, "/dev/ttyUSB0");  // è¿™é‡Œçš„è·¯å¾„éœ€è¦æ ¹æ®æ‚¨çš„è®¾å¤‡è¿›è¡Œæ›´æ”¹
[2.555s]       |             [01;31m[K^~~~~~~~~~~~[m[K
[2.559s] [01m[K/home/rescue-robot/buaa_rescue_robot/src/serial/src/serial_sender.cpp:15:64:[m[K [01;31m[Kerror: [m[Kâ€˜[01m[Kio_[m[Kâ€™ was not declared in this scope
[2.560s]    15 |             serial_port_ = std::make_shared<asio::serial_port>([01;31m[Kio_[m[K, "/dev/ttyUSB0");  // è¿™é‡Œçš„è·¯å¾„éœ€è¦æ ¹æ®æ‚¨çš„è®¾å¤‡è¿›è¡Œæ›´æ”¹
[2.560s]       |                                                                [01;31m[K^~~[m[K
[2.565s] [01m[K/home/rescue-robot/buaa_rescue_robot/src/serial/src/serial_sender.cpp:24:9:[m[K [01;31m[Kerror: [m[Kâ€˜[01m[Ktimer_[m[Kâ€™ was not declared in this scope; did you mean â€˜[01m[Ktimer_t[m[Kâ€™?
[2.566s]    24 |         [01;31m[Ktimer_[m[K = this->create_wall_timer(
[2.566s]       |         [01;31m[K^~~~~~[m[K
[2.566s]       |         [32m[Ktimer_t[m[K
[2.566s] [01m[K/home/rescue-robot/buaa_rescue_robot/src/serial/src/serial_sender.cpp:26:38:[m[K [01;31m[Kerror: [m[Kâ€˜[01m[Ktimer_callback[m[Kâ€™ is not a member of â€˜[01m[KSerialSender[m[Kâ€™
[2.566s]    26 |             std::bind(&SerialSender::[01;31m[Ktimer_callback[m[K, this));
[2.566s]       |                                      [01;31m[K^~~~~~~~~~~~~~[m[K
[2.572s] [01m[K/home/rescue-robot/buaa_rescue_robot/src/serial/src/serial_sender.cpp:29:9:[m[K [01;31m[Kerror: [m[Kâ€˜[01m[Ksubscription_[m[Kâ€™ was not declared in this scope; did you mean â€˜[01m[Krmw_subscription_t[m[Kâ€™?
[2.573s]    29 |         [01;31m[Ksubscription_[m[K = this->create_subscription<std_msgs::msg::String>(
[2.573s]       |         [01;31m[K^~~~~~~~~~~~~[m[K
[2.573s]       |         [32m[Krmw_subscription_t[m[K
[2.573s] [01m[K/home/rescue-robot/buaa_rescue_robot/src/serial/src/serial_sender.cpp:32:38:[m[K [01;31m[Kerror: [m[Kâ€˜[01m[Kcallback[m[Kâ€™ is not a member of â€˜[01m[KSerialSender[m[Kâ€™
[2.573s]    32 |             std::bind(&SerialSender::[01;31m[Kcallback[m[K, this, std::placeholders::_1));
[2.573s]       |                                      [01;31m[K^~~~~~~~[m[K
[2.573s] [01m[K/home/rescue-robot/buaa_rescue_robot/src/serial/src/serial_sender.cpp:[m[K At global scope:
[2.573s] [01m[K/home/rescue-robot/buaa_rescue_robot/src/serial/src/serial_sender.cpp:36:1:[m[K [01;31m[Kerror: [m[Kexpected unqualified-id before â€˜[01m[Kprivate[m[Kâ€™
[2.573s]    36 | [01;31m[Kprivate[m[K:
[2.573s]       | [01;31m[K^~~~~~~[m[K
[2.578s] [01m[K/home/rescue-robot/buaa_rescue_robot/src/serial/src/serial_sender.cpp:[m[K In function â€˜[01m[Kvoid timer_callback()[m[Kâ€™:
[2.579s] [01m[K/home/rescue-robot/buaa_rescue_robot/src/serial/src/serial_sender.cpp:46:22:[m[K [01;31m[Kerror: [m[Kâ€˜[01m[Kserial_port_[m[Kâ€™ was not declared in this scope
[2.579s]    46 |         asio::write(*[01;31m[Kserial_port_[m[K, asio::buffer(msg, msg.size()));  // å‘é€æ¶ˆæ¯
[2.579s]       |                      [01;31m[K^~~~~~~~~~~~[m[K
[2.579s] In file included from [01m[K/opt/ros/humble/include/rclcpp/rclcpp/client.hpp:40[m[K,
[2.579s]                  from [01m[K/opt/ros/humble/include/rclcpp/rclcpp/callback_group.hpp:24[m[K,
[2.579s]                  from [01m[K/opt/ros/humble/include/rclcpp/rclcpp/any_executable.hpp:20[m[K,
[2.579s]                  from [01m[K/opt/ros/humble/include/rclcpp/rclcpp/memory_strategy.hpp:25[m[K,
[2.579s]                  from [01m[K/opt/ros/humble/include/rclcpp/rclcpp/memory_strategies.hpp:18[m[K,
[2.579s]                  from [01m[K/opt/ros/humble/include/rclcpp/rclcpp/executor_options.hpp:20[m[K,
[2.579s]                  from [01m[K/opt/ros/humble/include/rclcpp/rclcpp/executor.hpp:37[m[K,
[2.579s]                  from [01m[K/opt/ros/humble/include/rclcpp/rclcpp/executors/multi_threaded_executor.hpp:25[m[K,
[2.579s]                  from [01m[K/opt/ros/humble/include/rclcpp/rclcpp/executors.hpp:21[m[K,
[2.580s]                  from [01m[K/opt/ros/humble/include/rclcpp/rclcpp/rclcpp.hpp:155[m[K,
[2.580s]                  from [01m[K/home/rescue-robot/buaa_rescue_robot/src/serial/src/serial_sender.cpp:1[m[K:
[2.580s] [01m[K/home/rescue-robot/buaa_rescue_robot/src/serial/src/serial_sender.cpp:47:21:[m[K [01;31m[Kerror: [m[Kinvalid use of â€˜[01m[Kthis[m[Kâ€™ in non-member function
[2.580s]    47 |         RCLCPP_INFO([01;31m[Kthis[m[K->get_logger(), "Sent message: '%s'", msg.c_str());
[2.580s]       |                     [01;31m[K^~~~[m[K
[2.580s] [01m[K/home/rescue-robot/buaa_rescue_robot/src/serial/src/serial_sender.cpp:47:21:[m[K [01;31m[Kerror: [m[Kinvalid use of â€˜[01m[Kthis[m[Kâ€™ in non-member function
[2.580s] [01m[K/home/rescue-robot/buaa_rescue_robot/src/serial/src/serial_sender.cpp:47:9:[m[K [01;31m[Kerror: [m[Ktemplate argument 1 is invalid
[2.580s]    47 |         [01;31m[KRCLCPP_INFO[m[K(this->get_logger(), "Sent message: '%s'", msg.c_str());
[2.580s]       |         [01;31m[K^~~~~~~~~~~[m[K
[2.580s] [01m[K/home/rescue-robot/buaa_rescue_robot/src/serial/src/serial_sender.cpp:47:9:[m[K [01;31m[Kerror: [m[Kâ€˜[01m[K<declaration error>[m[Kâ€™ is not a template [[01;31m[K]8;;https://gcc.gnu.org/onlinedocs/gcc/Warning-Options.html#index-fpermissive-fpermissive]8;;[m[K]
[2.580s]    47 |         [01;31m[KRCLCPP_INFO[m[K(this->get_logger(), "Sent message: '%s'", msg.c_str());
[2.580s]       |         [01;31m[K^~~~~~~~~~~[m[K
[2.580s] [01m[K/home/rescue-robot/buaa_rescue_robot/src/serial/src/serial_sender.cpp:47:9:[m[K [01;31m[Kerror: [m[Ktemplate argument 1 is invalid
[2.580s]    47 |         [01;31m[KRCLCPP_INFO[m[K(this->get_logger(), "Sent message: '%s'", msg.c_str());
[2.581s]       |         [01;31m[K^~~~~~~~~~~[m[K
[2.581s] [01m[K/home/rescue-robot/buaa_rescue_robot/src/serial/src/serial_sender.cpp:47:9:[m[K [01;31m[Kerror: [m[Kâ€˜[01m[K<declaration error>[m[Kâ€™ is not a template [[01;31m[K]8;;https://gcc.gnu.org/onlinedocs/gcc/Warning-Options.html#index-fpermissive-fpermissive]8;;[m[K]
[2.581s]    47 |         [01;31m[KRCLCPP_INFO[m[K(this->get_logger(), "Sent message: '%s'", msg.c_str());
[2.581s]       |         [01;31m[K^~~~~~~~~~~[m[K
[2.581s] [01m[K/home/rescue-robot/buaa_rescue_robot/src/serial/src/serial_sender.cpp:47:9:[m[K [01;31m[Kerror: [m[Ktemplate argument 1 is invalid
[2.581s]    47 |         [01;31m[KRCLCPP_INFO[m[K(this->get_logger(), "Sent message: '%s'", msg.c_str());
[2.581s]       |         [01;31m[K^~~~~~~~~~~[m[K
[2.581s] In file included from [01m[K/opt/ros/humble/include/rclcpp/rclcpp/logging.hpp:24[m[K,
[2.581s]                  from [01m[K/opt/ros/humble/include/rclcpp/rclcpp/client.hpp:40[m[K,
[2.581s]                  from [01m[K/opt/ros/humble/include/rclcpp/rclcpp/callback_group.hpp:24[m[K,
[2.581s]                  from [01m[K/opt/ros/humble/include/rclcpp/rclcpp/any_executable.hpp:20[m[K,
[2.581s]                  from [01m[K/opt/ros/humble/include/rclcpp/rclcpp/memory_strategy.hpp:25[m[K,
[2.581s]                  from [01m[K/opt/ros/humble/include/rclcpp/rclcpp/memory_strategies.hpp:18[m[K,
[2.581s]                  from [01m[K/opt/ros/humble/include/rclcpp/rclcpp/executor_options.hpp:20[m[K,
[2.581s]                  from [01m[K/opt/ros/humble/include/rclcpp/rclcpp/executor.hpp:37[m[K,
[2.581s]                  from [01m[K/opt/ros/humble/include/rclcpp/rclcpp/executors/multi_threaded_executor.hpp:25[m[K,
[2.582s]                  from [01m[K/opt/ros/humble/include/rclcpp/rclcpp/executors.hpp:21[m[K,
[2.582s]                  from [01m[K/opt/ros/humble/include/rclcpp/rclcpp/rclcpp.hpp:155[m[K,
[2.582s]                  from [01m[K/home/rescue-robot/buaa_rescue_robot/src/serial/src/serial_sender.cpp:1[m[K:
[2.582s] [01m[K/home/rescue-robot/buaa_rescue_robot/src/serial/src/serial_sender.cpp:47:21:[m[K [01;31m[Kerror: [m[Kinvalid use of â€˜[01m[Kthis[m[Kâ€™ in non-member function
[2.582s]    47 |         RCLCPP_INFO([01;31m[Kthis[m[K->get_logger(), "Sent message: '%s'", msg.c_str());
[2.582s]       |                     [01;31m[K^~~~[m[K
[2.582s] [01m[K/home/rescue-robot/buaa_rescue_robot/src/serial/src/serial_sender.cpp:47:21:[m[K [01;31m[Kerror: [m[Kinvalid use of â€˜[01m[Kthis[m[Kâ€™ in non-member function
[2.582s]    47 |         RCLCPP_INFO([01;31m[Kthis[m[K->get_logger(), "Sent message: '%s'", msg.c_str());
[2.582s]       |                     [01;31m[K^~~~[m[K
[2.609s] [01m[K/home/rescue-robot/buaa_rescue_robot/src/serial/src/serial_sender.cpp:[m[K At global scope:
[2.609s] [01m[K/home/rescue-robot/buaa_rescue_robot/src/serial/src/serial_sender.cpp:55:1:[m[K [01;31m[Kerror: [m[Kexpected declaration before â€˜[01m[K}[m[Kâ€™ token
[2.610s]    55 | [01;31m[K}[m[K;
[2.610s]       | [01;31m[K^[m[K
[3.035s] gmake[2]: *** [CMakeFiles/serial_sender.dir/build.make:76: CMakeFiles/serial_sender.dir/src/serial_sender.cpp.o] Error 1
[3.039s] gmake[1]: *** [CMakeFiles/Makefile2:139: CMakeFiles/serial_sender.dir/all] Error 2
[3.039s] gmake: *** [Makefile:146: all] Error 2
[3.039s] Invoked command in '/home/rescue-robot/buaa_rescue_robot/build/serial' returned '2': CMAKE_PREFIX_PATH=${CMAKE_PREFIX_PATH}:/opt/ros/humble /usr/bin/cmake --build /home/rescue-robot/buaa_rescue_robot/build/serial -- -j8 -l8
