[35m[1mConsolidate compiler generated dependencies of target serial_sender[0m
[ 50%] Built target serial_receiver
[ 75%] [32mBuilding CXX object CMakeFiles/serial_sender.dir/src/serial_sender.cpp.o[0m
[01m[K/home/rescue-robot/buaa_rescue_robot/src/serial/src/serial_sender.cpp:162:2:[m[K [01;31m[Kerror: [m[Kexpected â€˜[01m[K}[m[Kâ€™ at end of input
  162 | }
      |  [01;31m[K^[m[K
[01m[K/home/rescue-robot/buaa_rescue_robot/src/serial/src/serial_sender.cpp:18:1:[m[K [01;36m[Knote: [m[Kto match this â€˜[01m[K{[m[Kâ€™
   18 | [01;36m[K{[m[K
      | [01;36m[K^[m[K
[01m[K/home/rescue-robot/buaa_rescue_robot/src/serial/src/serial_sender.cpp:[m[K In constructor â€˜[01m[KSerialSender::SerialSender()[m[Kâ€™:
[01m[K/home/rescue-robot/buaa_rescue_robot/src/serial/src/serial_sender.cpp:25:13:[m[K [01;31m[Kerror: [m[Kâ€˜[01m[Kserial_port_[m[Kâ€™ was not declared in this scope
   25 |             [01;31m[Kserial_port_[m[K = std::make_shared<asio::serial_port>(io_, "/dev/ttyUSB1");  // è¿™é‡Œçš„è·¯å¾„éœ€è¦æ ¹æ®æ‚¨çš„è®¾å¤‡è¿›è¡Œæ›´æ”¹
      |             [01;31m[K^~~~~~~~~~~~[m[K
[01m[K/home/rescue-robot/buaa_rescue_robot/src/serial/src/serial_sender.cpp:25:64:[m[K [01;31m[Kerror: [m[Kâ€˜[01m[Kio_[m[Kâ€™ was not declared in this scope
   25 |             serial_port_ = std::make_shared<asio::serial_port>([01;31m[Kio_[m[K, "/dev/ttyUSB1");  // è¿™é‡Œçš„è·¯å¾„éœ€è¦æ ¹æ®æ‚¨çš„è®¾å¤‡è¿›è¡Œæ›´æ”¹
      |                                                                [01;31m[K^~~[m[K
[01m[K/home/rescue-robot/buaa_rescue_robot/src/serial/src/serial_sender.cpp:34:9:[m[K [01;31m[Kerror: [m[Kâ€˜[01m[Ktimer_[m[Kâ€™ was not declared in this scope; did you mean â€˜[01m[Ktimer_t[m[Kâ€™?
   34 |         [01;31m[Ktimer_[m[K = this->create_wall_timer(
      |         [01;31m[K^~~~~~[m[K
      |         [32m[Ktimer_t[m[K
[01m[K/home/rescue-robot/buaa_rescue_robot/src/serial/src/serial_sender.cpp:36:38:[m[K [01;31m[Kerror: [m[Kâ€˜[01m[Ktimer_callback[m[Kâ€™ is not a member of â€˜[01m[KSerialSender[m[Kâ€™
   36 |             std::bind(&SerialSender::[01;31m[Ktimer_callback[m[K, this));
      |                                      [01;31m[K^~~~~~~~~~~~~~[m[K
[01m[K/home/rescue-robot/buaa_rescue_robot/src/serial/src/serial_sender.cpp:39:11:[m[K [01;31m[Kerror: [m[Kâ€˜[01m[Ksubscription_[m[Kâ€™ was not declared in this scope; did you mean â€˜[01m[Krmw_subscription_t[m[Kâ€™?
   39 |           [01;31m[Ksubscription_[m[K = this->create_subscription<buaa_rescue_robot_msgs::msg::ControlMessage>(
      |           [01;31m[K^~~~~~~~~~~~~[m[K
      |           [32m[Krmw_subscription_t[m[K
[01m[K/home/rescue-robot/buaa_rescue_robot/src/serial/src/serial_sender.cpp:42:38:[m[K [01;31m[Kerror: [m[Kâ€˜[01m[Kcallback[m[Kâ€™ is not a member of â€˜[01m[KSerialSender[m[Kâ€™
   42 |             std::bind(&SerialSender::[01;31m[Kcallback[m[K, this, std::placeholders::_1));
      |                                      [01;31m[K^~~~~~~~[m[K
[01m[K/home/rescue-robot/buaa_rescue_robot/src/serial/src/serial_sender.cpp:45:9:[m[K [01;31m[Kerror: [m[Kâ€˜[01m[Kstart_receive[m[Kâ€™ was not declared in this scope
   45 |         [01;31m[Kstart_receive[m[K();
      |         [01;31m[K^~~~~~~~~~~~~[m[K
[01m[K/home/rescue-robot/buaa_rescue_robot/src/serial/src/serial_sender.cpp:48:44:[m[K [01;31m[Kerror: [m[Ka function-definition is not allowed here before â€˜[01m[K{[m[Kâ€™ token
   48 |         asio::io_service& get_io_service() [01;31m[K{[m[K
      |                                            [01;31m[K^[m[K
[01m[K/home/rescue-robot/buaa_rescue_robot/src/serial/src/serial_sender.cpp:53:1:[m[K [01;31m[Kerror: [m[Kexpected primary-expression before â€˜[01m[Kprivate[m[Kâ€™
   53 | [01;31m[Kprivate[m[K:    // ç§æœ‰æˆå‘˜å‡½æ•°å’Œå˜é‡
      | [01;31m[K^~~~~~~[m[K
[01m[K/home/rescue-robot/buaa_rescue_robot/src/serial/src/serial_sender.cpp:60:26:[m[K [01;31m[Kerror: [m[Ka function-definition is not allowed here before â€˜[01m[K{[m[Kâ€™ token
   60 |     void start_receive() [01;31m[K{[m[K
      |                          [01;31m[K^[m[K
[01m[K/home/rescue-robot/buaa_rescue_robot/src/serial/src/serial_sender.cpp:82:5:[m[K [01;31m[Kerror: [m[Ka function-definition is not allowed here before â€˜[01m[K{[m[Kâ€™ token
   82 |     [01;31m[K{[m[K
      |     [01;31m[K^[m[K
[01m[K/home/rescue-robot/buaa_rescue_robot/src/serial/src/serial_sender.cpp:133:5:[m[K [01;31m[Kerror: [m[Ka function-definition is not allowed here before â€˜[01m[K{[m[Kâ€™ token
  133 |     [01;31m[K{[m[K
      |     [01;31m[K^[m[K
[01m[K/home/rescue-robot/buaa_rescue_robot/src/serial/src/serial_sender.cpp:[m[K At global scope:
[01m[K/home/rescue-robot/buaa_rescue_robot/src/serial/src/serial_sender.cpp:162:2:[m[K [01;31m[Kerror: [m[Kexpected unqualified-id at end of input
  162 | }
      |  [01;31m[K^[m[K
gmake[2]: *** [CMakeFiles/serial_sender.dir/build.make:76: CMakeFiles/serial_sender.dir/src/serial_sender.cpp.o] Error 1
gmake[1]: *** [CMakeFiles/Makefile2:139: CMakeFiles/serial_sender.dir/all] Error 2
gmake: *** [Makefile:146: all] Error 2
