[35m[1mConsolidate compiler generated dependencies of target serial_sender[0m
[35m[1mConsolidate compiler generated dependencies of target serial_receiver[0m
[ 25%] [32mBuilding CXX object CMakeFiles/serial_sender.dir/src/serial_sender.cpp.o[0m
[ 75%] Built target serial_receiver
[01m[K/home/rescue-robot/buaa_rescue_robot/src/serial/src/serial_sender.cpp:[m[K In constructor â€˜[01m[KSerialSender::SerialSender()[m[Kâ€™:
[01m[K/home/rescue-robot/buaa_rescue_robot/src/serial/src/serial_sender.cpp:53:30:[m[K [01;31m[Kerror: [m[Kâ€˜[01m[Kserial[m[Kâ€™ was not declared in this scope
   53 |             asio::read_until([01;31m[Kserial[m[K, buffer, "\n");
      |                              [01;31m[K^~~~~~[m[K
gmake[2]: *** [CMakeFiles/serial_sender.dir/build.make:76: CMakeFiles/serial_sender.dir/src/serial_sender.cpp.o] Error 1
gmake[1]: *** [CMakeFiles/Makefile2:139: CMakeFiles/serial_sender.dir/all] Error 2
gmake: *** [Makefile:146: all] Error 2
