[01m[K/home/rescue-robot/buaa_rescue_robot/src/serial/src/serial_sender.cpp:[m[K In lambda function:
[01m[K/home/rescue-robot/buaa_rescue_robot/src/serial/src/serial_sender.cpp:131:25:[m[K [01;31m[Kerror: [m[Kexpected â€˜[01m[K;[m[Kâ€™ before â€˜[01m[Kstd[m[Kâ€™
  131 |                         [01;31m[Kstd[m[K::vector<uint8_t> data(frame.begin() + header.size(), frame.end() - 2);
      |                         [01;31m[K^~~[m[K
[01m[K/home/rescue-robot/buaa_rescue_robot/src/serial/src/serial_sender.cpp:135:51:[m[K [01;31m[Kerror: [m[Kâ€˜[01m[Kcalculate_crc16[m[Kâ€™ was not declared in this scope; did you mean â€˜[01m[Kcalculated_crc[m[Kâ€™?
  135 |                         uint16_t calculated_crc = [01;31m[Kcalculate_crc16[m[K(frame, 0, frame.size() - 2);
      |                                                   [01;31m[K^~~~~~~~~~~~~~~[m[K
      |                                                   [32m[Kcalculated_crc[m[K
[01m[K/home/rescue-robot/buaa_rescue_robot/src/serial/src/serial_sender.cpp:140:46:[m[K [01;31m[Kerror: [m[Kunable to deduce â€˜[01m[Kauto&&[m[Kâ€™ from â€˜[01m[Kstd::data[m[Kâ€™
  140 |                             for (auto byte : [01;31m[Kdata[m[K) {
      |                                              [01;31m[K^~~~[m[K
[01m[K/home/rescue-robot/buaa_rescue_robot/src/serial/src/serial_sender.cpp:140:46:[m[K [01;36m[Knote: [m[K  couldnâ€™t deduce template parameter â€˜[01m[Kauto[m[Kâ€™
gmake[2]: *** [CMakeFiles/serial_sender.dir/build.make:76: CMakeFiles/serial_sender.dir/src/serial_sender.cpp.o] Error 1
gmake[1]: *** [CMakeFiles/Makefile2:139: CMakeFiles/serial_sender.dir/all] Error 2
gmake: *** [Makefile:146: all] Error 2
