[35m[1mConsolidate compiler generated dependencies of target serial_sender[0m
[ 50%] Built target serial_receiver
[ 75%] [32mBuilding CXX object CMakeFiles/serial_sender.dir/src/serial_sender.cpp.o[0m
[01m[K/home/rescue_robot/buaa_rescue_robot/src/serial/src/serial_sender.cpp:[m[K In member function â€˜[01m[Kvoid SerialSender::start_receive()[m[Kâ€™:
[01m[K/home/rescue_robot/buaa_rescue_robot/src/serial/src/serial_sender.cpp:225:34:[m[K [01;31m[Kerror: [m[Kâ€˜[01m[Kdata_vector[m[Kâ€™ was not declared in this scope
  225 |     std::cerr << "Max size: " << [01;31m[Kdata_vector[m[K.max_size() << '\n';
      |                                  [01;31m[K^~~~~~~~~~~[m[K
gmake[2]: *** [CMakeFiles/serial_sender.dir/build.make:76: CMakeFiles/serial_sender.dir/src/serial_sender.cpp.o] Error 1
gmake[1]: *** [CMakeFiles/Makefile2:139: CMakeFiles/serial_sender.dir/all] Error 2
gmake: *** [Makefile:146: all] Error 2
